[DEBUG] 2020-03-05 18:34:48.326 [AWT-EventQueue-0] GameBoardFacade - Loading edu.rpi.legup.puzzle.lightup.LightUp
[DEBUG] 2020-03-05 18:34:50.004 [AWT-EventQueue-0] History - History Cleared
[DEBUG] 2020-03-05 18:34:50.142 [AWT-EventQueue-0] TreeView - Creating new views for tree view.
[DEBUG] 2020-03-05 18:34:50.225 [AWT-EventQueue-0] TreeView - DrawTree: dimensions - 50x215
[DEBUG] 2020-03-05 18:34:50.344 [AWT-EventQueue-0] TreeView - DrawTree: dimensions - 50x215
[DEBUG] 2020-03-05 18:35:06.417 [AWT-EventQueue-0] GameBoardFacade - Loading edu.rpi.legup.puzzle.treetent.TreeTent
[DEBUG] 2020-03-05 18:35:07.432 [AWT-EventQueue-0] History - History Cleared
[DEBUG] 2020-03-05 18:35:07.524 [AWT-EventQueue-0] TreeView - Creating new views for tree view.
[DEBUG] 2020-03-05 18:35:07.527 [AWT-EventQueue-0] TreeView - DrawTree: dimensions - 50x215
[INFO ] 2020-03-05 18:35:13.386 [AWT-EventQueue-0] History - Pushed EditDataCommand to stack.
[INFO ] 2020-03-05 18:35:13.386 [AWT-EventQueue-0] LegupUI - Pushing EditDataCommand to stack.
[DEBUG] 2020-03-05 18:35:13.432 [AWT-EventQueue-0] TreeView - DrawTree: dimensions - 143x215
[DEBUG] 2020-03-05 18:35:13.437 [AWT-EventQueue-0] TreeView - DrawTree: dimensions - 143x215
[INFO ] 2020-03-05 18:35:14.226 [AWT-EventQueue-0] History - Pushed EditDataCommand to stack.
[INFO ] 2020-03-05 18:35:14.226 [AWT-EventQueue-0] LegupUI - Pushing EditDataCommand to stack.
[DEBUG] 2020-03-05 18:35:14.229 [AWT-EventQueue-0] TreeView - DrawTree: dimensions - 143x215
[INFO ] 2020-03-05 18:35:14.816 [AWT-EventQueue-0] History - Pushed EditDataCommand to stack.
[INFO ] 2020-03-05 18:35:14.816 [AWT-EventQueue-0] LegupUI - Pushing EditDataCommand to stack.
[DEBUG] 2020-03-05 18:35:14.821 [AWT-EventQueue-0] TreeView - DrawTree: dimensions - 143x215
[INFO ] 2020-03-05 18:35:16.359 [AWT-EventQueue-0] History - Pushed EditDataCommand to stack.
[INFO ] 2020-03-05 18:35:16.359 [AWT-EventQueue-0] LegupUI - Pushing EditDataCommand to stack.
[DEBUG] 2020-03-05 18:35:16.367 [AWT-EventQueue-0] TreeView - DrawTree: dimensions - 143x215
[DEBUG] 2020-03-05 18:36:44.992 [AWT-EventQueue-0] GameBoardFacade - Loading edu.rpi.legup.puzzle.lightup.LightUp
[DEBUG] 2020-03-05 18:36:45.875 [AWT-EventQueue-0] History - History Cleared
[DEBUG] 2020-03-05 18:36:45.962 [AWT-EventQueue-0] TreeView - Creating new views for tree view.
[DEBUG] 2020-03-05 18:36:46.010 [AWT-EventQueue-0] TreeView - DrawTree: dimensions - 50x215
[DEBUG] 2020-03-05 18:36:46.014 [AWT-EventQueue-0] TreeView - DrawTree: dimensions - 50x215
[INFO ] 2020-03-05 18:36:52.110 [AWT-EventQueue-0] History - Pushed AutoCaseRuleCommand to stack.
[INFO ] 2020-03-05 18:36:52.111 [AWT-EventQueue-0] LegupUI - Pushing AutoCaseRuleCommand to stack.
[DEBUG] 2020-03-05 18:36:52.125 [AWT-EventQueue-0] TreeView - DrawTree: dimensions - 170x410
[DEBUG] 2020-03-05 18:36:52.152 [AWT-EventQueue-0] TreeView - DrawTree: dimensions - 170x410
[DEBUG] 2020-03-05 18:36:54.340 [AWT-EventQueue-0] TreeView - DrawTree: dimensions - 170x410
[DEBUG] 2020-03-05 18:36:54.424 [AWT-EventQueue-0] TreeView - DrawTree: dimensions - 170x410
[DEBUG] 2020-03-05 18:36:54.589 [AWT-EventQueue-0] TreeView - DrawTree: dimensions - 170x410
[DEBUG] 2020-03-05 18:36:54.825 [AWT-EventQueue-0] TreeView - DrawTree: dimensions - 170x410
[DEBUG] 2020-03-05 18:36:54.848 [AWT-EventQueue-0] TreeView - DrawTree: dimensions - 170x410
[DEBUG] 2020-03-05 18:36:54.868 [AWT-EventQueue-0] TreeView - DrawTree: dimensions - 170x410
[DEBUG] 2020-03-05 18:36:54.889 [AWT-EventQueue-0] TreeView - DrawTree: dimensions - 170x410
[DEBUG] 2020-03-05 18:36:54.927 [AWT-EventQueue-0] TreeView - DrawTree: dimensions - 170x410
[DEBUG] 2020-03-05 18:36:54.965 [AWT-EventQueue-0] TreeView - DrawTree: dimensions - 170x410
[DEBUG] 2020-03-05 18:36:55.014 [AWT-EventQueue-0] TreeView - DrawTree: dimensions - 170x410
[DEBUG] 2020-03-05 18:36:55.097 [AWT-EventQueue-0] TreeView - DrawTree: dimensions - 170x410
[DEBUG] 2020-03-05 18:36:55.447 [AWT-EventQueue-0] TreeView - DrawTree: dimensions - 170x410
[DEBUG] 2020-03-05 18:36:55.488 [AWT-EventQueue-0] TreeView - DrawTree: dimensions - 170x410
[DEBUG] 2020-03-05 18:36:55.548 [AWT-EventQueue-0] TreeView - DrawTree: dimensions - 170x410
[DEBUG] 2020-03-05 18:36:55.660 [AWT-EventQueue-0] TreeView - DrawTree: dimensions - 170x410
[DEBUG] 2020-03-05 18:36:56.064 [AWT-EventQueue-0] TreeView - DrawTree: dimensions - 170x410
[DEBUG] 2020-03-05 18:36:56.907 [AWT-EventQueue-0] TreeView - DrawTree: dimensions - 170x410
[DEBUG] 2020-03-05 18:36:57.293 [AWT-EventQueue-0] TreeView - DrawTree: dimensions - 170x410
[DEBUG] 2020-03-05 18:36:58.282 [AWT-EventQueue-0] TreeView - DrawTree: dimensions - 170x410
[DEBUG] 2020-03-05 18:36:58.313 [AWT-EventQueue-0] TreeView - DrawTree: dimensions - 170x410
[DEBUG] 2020-03-05 18:36:58.666 [AWT-EventQueue-0] TreeView - DrawTree: dimensions - 170x410
[DEBUG] 2020-03-05 18:36:59.105 [AWT-EventQueue-0] TreeView - DrawTree: dimensions - 170x410
[DEBUG] 2020-03-05 18:36:59.141 [AWT-EventQueue-0] TreeView - DrawTree: dimensions - 170x410
[DEBUG] 2020-03-05 18:36:59.225 [AWT-EventQueue-0] TreeView - DrawTree: dimensions - 170x410
[DEBUG] 2020-03-05 18:36:59.994 [AWT-EventQueue-0] TreeView - DrawTree: dimensions - 170x410
[DEBUG] 2020-03-05 18:37:00.552 [AWT-EventQueue-0] TreeView - DrawTree: dimensions - 170x410
[DEBUG] 2020-03-05 18:37:00.908 [AWT-EventQueue-0] TreeView - DrawTree: dimensions - 170x410
[DEBUG] 2020-03-05 18:37:00.923 [AWT-EventQueue-0] TreeView - DrawTree: dimensions - 170x410
[DEBUG] 2020-03-05 18:37:01.392 [AWT-EventQueue-0] TreeView - DrawTree: dimensions - 170x410
[DEBUG] 2020-03-05 18:37:01.912 [AWT-EventQueue-0] TreeView - DrawTree: dimensions - 170x410
[DEBUG] 2020-03-05 18:37:01.934 [AWT-EventQueue-0] TreeView - DrawTree: dimensions - 170x410
[DEBUG] 2020-03-05 18:37:01.968 [AWT-EventQueue-0] TreeView - DrawTree: dimensions - 170x410
[DEBUG] 2020-03-05 18:37:01.986 [AWT-EventQueue-0] TreeView - DrawTree: dimensions - 170x410
[DEBUG] 2020-03-05 18:37:02.017 [AWT-EventQueue-0] TreeView - DrawTree: dimensions - 170x410
[DEBUG] 2020-03-05 18:37:02.033 [AWT-EventQueue-0] TreeView - DrawTree: dimensions - 170x410
[DEBUG] 2020-03-05 18:37:02.135 [AWT-EventQueue-0] TreeView - DrawTree: dimensions - 170x410
[DEBUG] 2020-03-05 18:37:02.635 [AWT-EventQueue-0] TreeView - DrawTree: dimensions - 170x410
[DEBUG] 2020-03-05 18:37:02.680 [AWT-EventQueue-0] TreeView - DrawTree: dimensions - 170x410
[DEBUG] 2020-03-05 18:37:02.751 [AWT-EventQueue-0] TreeView - DrawTree: dimensions - 170x410
[DEBUG] 2020-03-05 18:37:02.824 [AWT-EventQueue-0] TreeView - DrawTree: dimensions - 170x410
[DEBUG] 2020-03-05 18:37:03.398 [AWT-EventQueue-0] TreeView - DrawTree: dimensions - 170x410
[DEBUG] 2020-03-05 18:37:03.441 [AWT-EventQueue-0] TreeView - DrawTree: dimensions - 170x410
[DEBUG] 2020-03-05 18:37:03.574 [AWT-EventQueue-0] TreeView - DrawTree: dimensions - 170x410
[DEBUG] 2020-03-05 18:37:03.645 [AWT-EventQueue-0] TreeView - DrawTree: dimensions - 170x410
[DEBUG] 2020-03-05 18:37:03.842 [AWT-EventQueue-0] TreeView - DrawTree: dimensions - 170x410
[DEBUG] 2020-03-05 18:37:04.337 [AWT-EventQueue-0] TreeView - DrawTree: dimensions - 170x410
[DEBUG] 2020-03-05 18:37:04.389 [AWT-EventQueue-0] TreeView - DrawTree: dimensions - 170x410
[DEBUG] 2020-03-05 18:37:04.419 [AWT-EventQueue-0] TreeView - DrawTree: dimensions - 170x410
[DEBUG] 2020-03-05 18:37:05.320 [AWT-EventQueue-0] TreeView - DrawTree: dimensions - 170x410
[DEBUG] 2020-03-05 18:37:05.366 [AWT-EventQueue-0] TreeView - DrawTree: dimensions - 170x410
[DEBUG] 2020-03-05 18:37:05.429 [AWT-EventQueue-0] TreeView - DrawTree: dimensions - 170x410
[DEBUG] 2020-03-05 18:37:05.490 [AWT-EventQueue-0] TreeView - DrawTree: dimensions - 170x410
[DEBUG] 2020-03-05 18:37:05.680 [AWT-EventQueue-0] TreeView - DrawTree: dimensions - 170x410
[DEBUG] 2020-03-05 18:37:06.548 [AWT-EventQueue-0] TreeView - DrawTree: dimensions - 170x410
[DEBUG] 2020-03-05 18:37:06.581 [AWT-EventQueue-0] TreeView - DrawTree: dimensions - 170x410
[DEBUG] 2020-03-05 18:37:06.595 [AWT-EventQueue-0] TreeView - DrawTree: dimensions - 170x410
[DEBUG] 2020-03-05 18:37:06.623 [AWT-EventQueue-0] TreeView - DrawTree: dimensions - 170x410
[DEBUG] 2020-03-05 18:37:06.919 [AWT-EventQueue-0] TreeView - DrawTree: dimensions - 170x410
[DEBUG] 2020-03-05 18:37:07.339 [AWT-EventQueue-0] TreeView - DrawTree: dimensions - 170x410
